<?xml version="1.0" encoding="UTF-8"?>
<!-- Generated by org.testng.reporters.JUnitXMLReporter -->
<testsuite ignored="0" hostname="W-Dragon" failures="0" tests="4" name="Default test" time="24.361" errors="0" timestamp="2021-03-05T10:35:44 ICT">
  <testcase classname="com.test.AccessToURL" name="navigate" time="4.815"/>
  <testcase classname="com.test.AccessToURL" name="navigate" time="6.247"/>
  <testcase classname="com.test.AccessToURL" name="navigate" time="3.735"/>
  <testcase classname="com.test.AccessToURL" name="navigate" time="5.765"/>
</testsuite> <!-- Default test -->
