<?xml version="1.0" encoding="UTF-8"?>
<!-- Generated by org.testng.reporters.JUnitXMLReporter -->
<testsuite ignored="0" hostname="W-Dragon" failures="0" tests="5" name="Default test" time="62.548" errors="0" timestamp="2021-03-05T15:02:37 ICT">
  <testcase classname="com.test.PercentCalculator" name="testPercentCalculator" time="15.815"/>
  <testcase classname="com.test.PercentCalculator" name="testPercentCalculator" time="9.767"/>
  <testcase classname="com.test.PercentCalculator" name="testPercentCalculator" time="10.675"/>
  <testcase classname="com.test.PercentCalculator" name="testPercentCalculator" time="10.841"/>
  <testcase classname="com.test.PercentCalculator" name="testPercentCalculator" time="10.641"/>
</testsuite> <!-- Default test -->
