<?xml version="1.0" encoding="UTF-8"?>
<!-- Generated by org.testng.reporters.JUnitXMLReporter -->
<testsuite ignored="0" hostname="W-Dragon" failures="0" tests="5" name="Test PercenCalculator" time="29.683" errors="0" timestamp="2021-03-04T23:36:24 ICT">
  <testcase classname="com.tests.PercentCalculator" name="testPercentCalculator" time="5.342"/>
  <testcase classname="com.tests.PercentCalculator" name="testPercentCalculator" time="4.935"/>
  <testcase classname="com.tests.PercentCalculator" name="testPercentCalculator" time="5.077"/>
  <testcase classname="com.tests.PercentCalculator" name="testPercentCalculator" time="5.135"/>
  <testcase classname="com.tests.PercentCalculator" name="testPercentCalculator" time="5.1"/>
</testsuite> <!-- Test PercenCalculator -->
