<?xml version="1.0" encoding="UTF-8"?>
<!-- Generated by org.testng.reporters.JUnitXMLReporter -->
<testsuite ignored="0" hostname="W-Dragon" failures="0" tests="5" name="Test PercenCalculator" time="59.114" errors="0" timestamp="2021-03-05T15:09:36 ICT">
  <testcase classname="com.test.PercentCalculator" name="testPercentCalculator" time="18.143"/>
  <testcase classname="com.test.PercentCalculator" name="testPercentCalculator" time="9.846"/>
  <testcase classname="com.test.PercentCalculator" name="testPercentCalculator" time="9.686"/>
  <testcase classname="com.test.PercentCalculator" name="testPercentCalculator" time="5.692"/>
  <testcase classname="com.test.PercentCalculator" name="testPercentCalculator" time="11.317"/>
</testsuite> <!-- Test PercenCalculator -->
