<?xml version="1.0" encoding="UTF-8"?>
<!-- Generated by org.testng.reporters.JUnitXMLReporter -->
<testsuite ignored="0" hostname="W-Dragon" failures="0" tests="4" name="Test Access" time="28.597" errors="0" timestamp="2021-03-05T15:03:43 ICT">
  <testcase classname="com.test.AccessToURL" name="navigate" time="3.941"/>
  <testcase classname="com.test.AccessToURL" name="navigate" time="7.046"/>
  <testcase classname="com.test.AccessToURL" name="navigate" time="6.095"/>
  <testcase classname="com.test.AccessToURL" name="navigate" time="7.005"/>
</testsuite> <!-- Test Access -->
