<?xml version="1.0" encoding="UTF-8"?>
<!-- Generated by org.testng.reporters.JUnitXMLReporter -->
<testsuite ignored="0" hostname="W-Dragon" failures="0" tests="4" name="Test Access" time="22.949" errors="0" timestamp="2021-03-04T23:35:54 ICT">
  <testcase classname="com.tests.AccessToURL" name="navigate" time="3.226"/>
  <testcase classname="com.tests.AccessToURL" name="navigate" time="6.098"/>
  <testcase classname="com.tests.AccessToURL" name="navigate" time="3.9"/>
  <testcase classname="com.tests.AccessToURL" name="navigate" time="5.693"/>
</testsuite> <!-- Test Access -->
