<?xml version="1.0" encoding="UTF-8"?>
<testng-results ignored="0" total="5" passed="5" failed="0" skipped="0">
  <reporter-output>
  </reporter-output>
  <suite started-at="2021-03-05T15:08:37 ICT" name="Suite" finished-at="2021-03-05T15:09:36 ICT" duration-ms="59114">
    <groups>
    </groups>
    <test started-at="2021-03-05T15:08:37 ICT" name="Test PercenCalculator" finished-at="2021-03-05T15:09:36 ICT" duration-ms="59114">
      <class name="com.test.PercentCalculator">
        <test-method is-config="true" signature="beforeMethod()[pri:0, instance:com.test.PercentCalculator@1b8a29df]" started-at="2021-03-05T15:08:37 ICT" name="beforeMethod" finished-at="2021-03-05T15:08:37 ICT" duration-ms="7" status="PASS">
          <reporter-output>
          </reporter-output>
        </test-method> <!-- beforeMethod -->
        <test-method signature="testPercentCalculator(java.lang.String, java.lang.String, java.lang.String, java.lang.String)[pri:0, instance:com.test.PercentCalculator@1b8a29df]" started-at="2021-03-05T15:08:37 ICT" name="testPercentCalculator" data-provider="percentCalData" finished-at="2021-03-05T15:08:56 ICT" duration-ms="18143" status="PASS">
          <params>
            <param index="0">
              <value>
                <![CDATA[CHROME]]>
              </value>
            </param>
            <param index="1">
              <value>
                <![CDATA[10.0]]>
              </value>
            </param>
            <param index="2">
              <value>
                <![CDATA[100.0]]>
              </value>
            </param>
            <param index="3">
              <value>
                <![CDATA[10.0]]>
              </value>
            </param>
          </params>
          <reporter-output>
          </reporter-output>
        </test-method> <!-- testPercentCalculator -->
        <test-method is-config="true" signature="afterMethod()[pri:0, instance:com.test.PercentCalculator@1b8a29df]" started-at="2021-03-05T15:08:56 ICT" name="afterMethod" finished-at="2021-03-05T15:08:56 ICT" duration-ms="723" status="PASS">
          <reporter-output>
          </reporter-output>
        </test-method> <!-- afterMethod -->
        <test-method is-config="true" signature="beforeMethod()[pri:0, instance:com.test.PercentCalculator@1b8a29df]" started-at="2021-03-05T15:08:56 ICT" name="beforeMethod" finished-at="2021-03-05T15:08:56 ICT" duration-ms="1" status="PASS">
          <reporter-output>
          </reporter-output>
        </test-method> <!-- beforeMethod -->
        <test-method signature="testPercentCalculator(java.lang.String, java.lang.String, java.lang.String, java.lang.String)[pri:0, instance:com.test.PercentCalculator@1b8a29df]" started-at="2021-03-05T15:08:56 ICT" name="testPercentCalculator" data-provider="percentCalData" finished-at="2021-03-05T15:09:06 ICT" duration-ms="9846" status="PASS">
          <params>
            <param index="0">
              <value>
                <![CDATA[CHROME]]>
              </value>
            </param>
            <param index="1">
              <value>
                <![CDATA[20.0]]>
              </value>
            </param>
            <param index="2">
              <value>
                <![CDATA[100.0]]>
              </value>
            </param>
            <param index="3">
              <value>
                <![CDATA[20.0]]>
              </value>
            </param>
          </params>
          <reporter-output>
          </reporter-output>
        </test-method> <!-- testPercentCalculator -->
        <test-method is-config="true" signature="afterMethod()[pri:0, instance:com.test.PercentCalculator@1b8a29df]" started-at="2021-03-05T15:09:06 ICT" name="afterMethod" finished-at="2021-03-05T15:09:07 ICT" duration-ms="703" status="PASS">
          <reporter-output>
          </reporter-output>
        </test-method> <!-- afterMethod -->
        <test-method is-config="true" signature="beforeMethod()[pri:0, instance:com.test.PercentCalculator@1b8a29df]" started-at="2021-03-05T15:09:07 ICT" name="beforeMethod" finished-at="2021-03-05T15:09:07 ICT" duration-ms="0" status="PASS">
          <reporter-output>
          </reporter-output>
        </test-method> <!-- beforeMethod -->
        <test-method signature="testPercentCalculator(java.lang.String, java.lang.String, java.lang.String, java.lang.String)[pri:0, instance:com.test.PercentCalculator@1b8a29df]" started-at="2021-03-05T15:09:07 ICT" name="testPercentCalculator" data-provider="percentCalData" finished-at="2021-03-05T15:09:17 ICT" duration-ms="9686" status="PASS">
          <params>
            <param index="0">
              <value>
                <![CDATA[CHROME]]>
              </value>
            </param>
            <param index="1">
              <value>
                <![CDATA[30.0]]>
              </value>
            </param>
            <param index="2">
              <value>
                <![CDATA[100.0]]>
              </value>
            </param>
            <param index="3">
              <value>
                <![CDATA[30.0]]>
              </value>
            </param>
          </params>
          <reporter-output>
          </reporter-output>
        </test-method> <!-- testPercentCalculator -->
        <test-method is-config="true" signature="afterMethod()[pri:0, instance:com.test.PercentCalculator@1b8a29df]" started-at="2021-03-05T15:09:17 ICT" name="afterMethod" finished-at="2021-03-05T15:09:17 ICT" duration-ms="717" status="PASS">
          <reporter-output>
          </reporter-output>
        </test-method> <!-- afterMethod -->
        <test-method is-config="true" signature="beforeMethod()[pri:0, instance:com.test.PercentCalculator@1b8a29df]" started-at="2021-03-05T15:09:17 ICT" name="beforeMethod" finished-at="2021-03-05T15:09:17 ICT" duration-ms="0" status="PASS">
          <reporter-output>
          </reporter-output>
        </test-method> <!-- beforeMethod -->
        <test-method signature="testPercentCalculator(java.lang.String, java.lang.String, java.lang.String, java.lang.String)[pri:0, instance:com.test.PercentCalculator@1b8a29df]" started-at="2021-03-05T15:09:17 ICT" name="testPercentCalculator" data-provider="percentCalData" finished-at="2021-03-05T15:09:23 ICT" duration-ms="5692" status="PASS">
          <params>
            <param index="0">
              <value>
                <![CDATA[CHROME]]>
              </value>
            </param>
            <param index="1">
              <value>
                <![CDATA[50.0]]>
              </value>
            </param>
            <param index="2">
              <value>
                <![CDATA[100.0]]>
              </value>
            </param>
            <param index="3">
              <value>
                <![CDATA[50.0]]>
              </value>
            </param>
          </params>
          <reporter-output>
          </reporter-output>
        </test-method> <!-- testPercentCalculator -->
        <test-method is-config="true" signature="afterMethod()[pri:0, instance:com.test.PercentCalculator@1b8a29df]" started-at="2021-03-05T15:09:23 ICT" name="afterMethod" finished-at="2021-03-05T15:09:24 ICT" duration-ms="828" status="PASS">
          <reporter-output>
          </reporter-output>
        </test-method> <!-- afterMethod -->
        <test-method is-config="true" signature="beforeMethod()[pri:0, instance:com.test.PercentCalculator@1b8a29df]" started-at="2021-03-05T15:09:24 ICT" name="beforeMethod" finished-at="2021-03-05T15:09:24 ICT" duration-ms="1" status="PASS">
          <reporter-output>
          </reporter-output>
        </test-method> <!-- beforeMethod -->
        <test-method signature="testPercentCalculator(java.lang.String, java.lang.String, java.lang.String, java.lang.String)[pri:0, instance:com.test.PercentCalculator@1b8a29df]" started-at="2021-03-05T15:09:24 ICT" name="testPercentCalculator" data-provider="percentCalData" finished-at="2021-03-05T15:09:35 ICT" duration-ms="11317" status="PASS">
          <params>
            <param index="0">
              <value>
                <![CDATA[CHROME]]>
              </value>
            </param>
            <param index="1">
              <value>
                <![CDATA[100.0]]>
              </value>
            </param>
            <param index="2">
              <value>
                <![CDATA[100.0]]>
              </value>
            </param>
            <param index="3">
              <value>
                <![CDATA[100.0]]>
              </value>
            </param>
          </params>
          <reporter-output>
          </reporter-output>
        </test-method> <!-- testPercentCalculator -->
        <test-method is-config="true" signature="afterMethod()[pri:0, instance:com.test.PercentCalculator@1b8a29df]" started-at="2021-03-05T15:09:35 ICT" name="afterMethod" finished-at="2021-03-05T15:09:36 ICT" duration-ms="707" status="PASS">
          <reporter-output>
          </reporter-output>
        </test-method> <!-- afterMethod -->
      </class> <!-- com.test.PercentCalculator -->
    </test> <!-- Test PercenCalculator -->
  </suite> <!-- Suite -->
</testng-results>
