<?xml version="1.0" encoding="UTF-8"?>
<testng-results ignored="0" total="4" passed="4" failed="0" skipped="0">
  <reporter-output>
  </reporter-output>
  <suite started-at="2021-03-05T10:35:20 ICT" name="Default suite" finished-at="2021-03-05T10:35:44 ICT" duration-ms="24361">
    <groups>
    </groups>
    <test started-at="2021-03-05T10:35:20 ICT" name="Default test" finished-at="2021-03-05T10:35:44 ICT" duration-ms="24361">
      <class name="com.test.AccessToURL">
        <test-method is-config="true" signature="beforeSuite()[pri:0, instance:com.test.AccessToURL@306f16f3]" started-at="2021-03-05T10:35:20 ICT" name="beforeSuite" finished-at="2021-03-05T10:35:20 ICT" duration-ms="7" status="PASS">
          <reporter-output>
          </reporter-output>
        </test-method> <!-- beforeSuite -->
        <test-method is-config="true" signature="beforeTest()[pri:0, instance:com.test.AccessToURL@306f16f3]" started-at="2021-03-05T10:35:20 ICT" name="beforeTest" finished-at="2021-03-05T10:35:20 ICT" duration-ms="0" status="PASS">
          <reporter-output>
          </reporter-output>
        </test-method> <!-- beforeTest -->
        <test-method is-config="true" signature="beforeClass()[pri:0, instance:com.test.AccessToURL@306f16f3]" started-at="2021-03-05T10:35:20 ICT" name="beforeClass" finished-at="2021-03-05T10:35:20 ICT" duration-ms="0" status="PASS">
          <reporter-output>
          </reporter-output>
        </test-method> <!-- beforeClass -->
        <test-method is-config="true" signature="beforeMethod()[pri:0, instance:com.test.AccessToURL@306f16f3]" started-at="2021-03-05T10:35:20 ICT" name="beforeMethod" finished-at="2021-03-05T10:35:20 ICT" duration-ms="0" status="PASS">
          <reporter-output>
          </reporter-output>
        </test-method> <!-- beforeMethod -->
        <test-method signature="navigate(java.lang.String, java.lang.String, java.lang.String)[pri:0, instance:com.test.AccessToURL@306f16f3]" started-at="2021-03-05T10:35:20 ICT" name="navigate" data-provider="getExcelData2" finished-at="2021-03-05T10:35:25 ICT" duration-ms="4815" status="PASS">
          <params>
            <param index="0">
              <value>
                <![CDATA[CHROME]]>
              </value>
            </param>
            <param index="1">
              <value>
                <![CDATA[http://www.google.com.vn]]>
              </value>
            </param>
            <param index="2">
              <value>
                <![CDATA[Google]]>
              </value>
            </param>
          </params>
          <reporter-output>
          </reporter-output>
        </test-method> <!-- navigate -->
        <test-method is-config="true" signature="afterMethod()[pri:0, instance:com.test.AccessToURL@306f16f3]" started-at="2021-03-05T10:35:25 ICT" name="afterMethod" finished-at="2021-03-05T10:35:26 ICT" duration-ms="718" status="PASS">
          <reporter-output>
          </reporter-output>
        </test-method> <!-- afterMethod -->
        <test-method is-config="true" signature="beforeMethod()[pri:0, instance:com.test.AccessToURL@306f16f3]" started-at="2021-03-05T10:35:26 ICT" name="beforeMethod" finished-at="2021-03-05T10:35:26 ICT" duration-ms="0" status="PASS">
          <reporter-output>
          </reporter-output>
        </test-method> <!-- beforeMethod -->
        <test-method signature="navigate(java.lang.String, java.lang.String, java.lang.String)[pri:0, instance:com.test.AccessToURL@306f16f3]" started-at="2021-03-05T10:35:26 ICT" name="navigate" data-provider="getExcelData2" finished-at="2021-03-05T10:35:32 ICT" duration-ms="6247" status="PASS">
          <params>
            <param index="0">
              <value>
                <![CDATA[FIREFOX]]>
              </value>
            </param>
            <param index="1">
              <value>
                <![CDATA[http://www.google.com.vn]]>
              </value>
            </param>
            <param index="2">
              <value>
                <![CDATA[Google]]>
              </value>
            </param>
          </params>
          <reporter-output>
          </reporter-output>
        </test-method> <!-- navigate -->
        <test-method is-config="true" signature="afterMethod()[pri:0, instance:com.test.AccessToURL@306f16f3]" started-at="2021-03-05T10:35:32 ICT" name="afterMethod" finished-at="2021-03-05T10:35:33 ICT" duration-ms="1138" status="PASS">
          <reporter-output>
          </reporter-output>
        </test-method> <!-- afterMethod -->
        <test-method signature="navigate(java.lang.String, java.lang.String, java.lang.String)[pri:0, instance:com.test.AccessToURL@306f16f3]" started-at="2021-03-05T10:35:33 ICT" name="navigate" data-provider="getExcelData2" finished-at="2021-03-05T10:35:37 ICT" duration-ms="3735" status="PASS">
          <params>
            <param index="0">
              <value>
                <![CDATA[CHROME]]>
              </value>
            </param>
            <param index="1">
              <value>
                <![CDATA[http://www.calculator.net]]>
              </value>
            </param>
            <param index="2">
              <value>
                <![CDATA[Calculator.net: Free Online Calculators - Math, Fitness, Finance, Science]]>
              </value>
            </param>
          </params>
          <reporter-output>
          </reporter-output>
        </test-method> <!-- navigate -->
        <test-method is-config="true" signature="beforeMethod()[pri:0, instance:com.test.AccessToURL@306f16f3]" started-at="2021-03-05T10:35:33 ICT" name="beforeMethod" finished-at="2021-03-05T10:35:33 ICT" duration-ms="0" status="PASS">
          <reporter-output>
          </reporter-output>
        </test-method> <!-- beforeMethod -->
        <test-method is-config="true" signature="afterMethod()[pri:0, instance:com.test.AccessToURL@306f16f3]" started-at="2021-03-05T10:35:37 ICT" name="afterMethod" finished-at="2021-03-05T10:35:37 ICT" duration-ms="700" status="PASS">
          <reporter-output>
          </reporter-output>
        </test-method> <!-- afterMethod -->
        <test-method signature="navigate(java.lang.String, java.lang.String, java.lang.String)[pri:0, instance:com.test.AccessToURL@306f16f3]" started-at="2021-03-05T10:35:37 ICT" name="navigate" data-provider="getExcelData2" finished-at="2021-03-05T10:35:43 ICT" duration-ms="5765" status="PASS">
          <params>
            <param index="0">
              <value>
                <![CDATA[FIREFOX]]>
              </value>
            </param>
            <param index="1">
              <value>
                <![CDATA[http://www.calculator.net]]>
              </value>
            </param>
            <param index="2">
              <value>
                <![CDATA[Calculator.net: Free Online Calculators - Math, Fitness, Finance, Science]]>
              </value>
            </param>
          </params>
          <reporter-output>
          </reporter-output>
        </test-method> <!-- navigate -->
        <test-method is-config="true" signature="beforeMethod()[pri:0, instance:com.test.AccessToURL@306f16f3]" started-at="2021-03-05T10:35:37 ICT" name="beforeMethod" finished-at="2021-03-05T10:35:37 ICT" duration-ms="0" status="PASS">
          <reporter-output>
          </reporter-output>
        </test-method> <!-- beforeMethod -->
        <test-method is-config="true" signature="afterMethod()[pri:0, instance:com.test.AccessToURL@306f16f3]" started-at="2021-03-05T10:35:43 ICT" name="afterMethod" finished-at="2021-03-05T10:35:44 ICT" duration-ms="756" status="PASS">
          <reporter-output>
          </reporter-output>
        </test-method> <!-- afterMethod -->
        <test-method is-config="true" signature="afterClass()[pri:0, instance:com.test.AccessToURL@306f16f3]" started-at="2021-03-05T10:35:44 ICT" name="afterClass" finished-at="2021-03-05T10:35:44 ICT" duration-ms="0" status="PASS">
          <reporter-output>
          </reporter-output>
        </test-method> <!-- afterClass -->
        <test-method is-config="true" signature="afterTest()[pri:0, instance:com.test.AccessToURL@306f16f3]" started-at="2021-03-05T10:35:44 ICT" name="afterTest" finished-at="2021-03-05T10:35:44 ICT" duration-ms="0" status="PASS">
          <reporter-output>
          </reporter-output>
        </test-method> <!-- afterTest -->
        <test-method is-config="true" signature="afterSuite()[pri:0, instance:com.test.AccessToURL@306f16f3]" started-at="2021-03-05T10:35:44 ICT" name="afterSuite" finished-at="2021-03-05T10:35:44 ICT" duration-ms="0" status="PASS">
          <reporter-output>
          </reporter-output>
        </test-method> <!-- afterSuite -->
      </class> <!-- com.test.AccessToURL -->
    </test> <!-- Default test -->
  </suite> <!-- Default suite -->
</testng-results>
